<?xml version="1.0" encoding="UTF-8"?>
<testng-results ignored="0" total="2" passed="2" failed="0" skipped="0">
  <reporter-output>
  </reporter-output>
  <suite started-at="2019-11-22T10:01:26 EST" name="Default suite" finished-at="2019-11-22T10:01:37 EST" duration-ms="10811">
    <groups>
    </groups>
    <test started-at="2019-11-22T10:01:26 EST" name="Default test" finished-at="2019-11-22T10:01:37 EST" duration-ms="10811">
      <class name="COG._NewTestCaseTemplate">
        <test-method is-config="true" signature="initialize()[pri:0, instance:COG._NewTestCaseTemplate@2f17e30d]" started-at="2019-11-22T10:01:26 EST" name="initialize" finished-at="2019-11-22T10:01:37 EST" duration-ms="10681" status="PASS">
          <reporter-output>
          </reporter-output>
        </test-method> <!-- initialize -->
        <test-method signature="pageVerifications()[pri:1, instance:COG._NewTestCaseTemplate@2f17e30d]" started-at="2019-11-22T10:01:37 EST" name="pageVerifications" description="..." finished-at="2019-11-22T10:01:37 EST" duration-ms="5" status="PASS">
          <reporter-output>
          </reporter-output>
        </test-method> <!-- pageVerifications -->
        <test-method signature="pageValidations()[pri:2, instance:COG._NewTestCaseTemplate@2f17e30d]" started-at="2019-11-22T10:01:37 EST" name="pageValidations" description="..." finished-at="2019-11-22T10:01:37 EST" duration-ms="1" status="PASS">
          <reporter-output>
          </reporter-output>
        </test-method> <!-- pageValidations -->
        <test-method is-config="true" signature="teardown()[pri:0, instance:COG._NewTestCaseTemplate@2f17e30d]" started-at="2019-11-22T10:01:37 EST" name="teardown" finished-at="2019-11-22T10:01:37 EST" duration-ms="92" status="PASS">
          <reporter-output>
          </reporter-output>
        </test-method> <!-- teardown -->
      </class> <!-- COG._NewTestCaseTemplate -->
    </test> <!-- Default test -->
  </suite> <!-- Default suite -->
</testng-results>
